[debug] [2023-04-24T13:37:53.403Z] ----------------------------------------------------------------------
[debug] [2023-04-24T13:37:53.407Z] Command:       C:\Program Files\nodejs\node.exe C:\Users\Pawel\AppData\Roaming\npm\node_modules\firebase-tools\lib\bin\firebase.js init
[debug] [2023-04-24T13:37:53.407Z] CLI Version:   11.28.0
[debug] [2023-04-24T13:37:53.407Z] Platform:      win32
[debug] [2023-04-24T13:37:53.408Z] Node Version:  v20.0.0
[debug] [2023-04-24T13:37:53.408Z] Time:          Mon Apr 24 2023 15:37:53 GMT+0200 (czas środkowoeuropejski letni)
[debug] [2023-04-24T13:37:53.408Z] ----------------------------------------------------------------------
[debug] 
[debug] [2023-04-24T13:37:53.493Z] > command requires scopes: ["email","openid","https://www.googleapis.com/auth/cloudplatformprojects.readonly","https://www.googleapis.com/auth/firebase","https://www.googleapis.com/auth/cloud-platform"]
[debug] [2023-04-24T13:37:53.493Z] > authorizing via signed-in user (piwowarczyk.pwl@gmail.com)
[info] 
     ######## #### ########  ######## ########     ###     ######  ########
     ##        ##  ##     ## ##       ##     ##  ##   ##  ##       ##
     ######    ##  ########  ######   ########  #########  ######  ######
     ##        ##  ##    ##  ##       ##     ## ##     ##       ## ##
     ##       #### ##     ## ######## ########  ##     ##  ######  ########

You're about to initialize a Firebase project in this directory:

  C:\Users\Pawel\MyFiles\Code\WaterApp

Before we get started, keep in mind:

  * You are initializing within an existing Firebase project directory

